<?xml version="1.0" encoding="UTF-8"?>
<!-- Generated by org.testng.reporters.JUnitReportReporter -->
<testsuite name="executionEngine.DriverScriptReflection" tests="1" time="31.975" ignored="0" failures="0" timestamp="27 Feb 2018 11:13:07 GMT" skipped="0" hostname="Sailakshmi" errors="0">
  <testcase name="main" time="31.975" classname="executionEngine.DriverScriptReflection"/>
</testsuite> <!-- executionEngine.DriverScriptReflection -->
