<?xml version="1.0" encoding="UTF-8"?>
<!-- Generated by org.testng.reporters.JUnitReportReporter -->
<testsuite name="executionEngine.DriverScriptReflection" tests="1" time="38.722" ignored="0" failures="0" timestamp="05 Jun 2018 08:31:22 GMT" skipped="0" hostname="Sailakshmi" errors="0">
  <testcase name="main" time="38.722" classname="executionEngine.DriverScriptReflection"/>
</testsuite> <!-- executionEngine.DriverScriptReflection -->
